Arguments: 
  C:\Program Files\nodejs\node.exe C:\Users\camil\AppData\Roaming\npm\node_modules\yarn\bin\yarn.js add sass --dev

PATH: 
  C:\Windows\system32;C:\Windows;C:\Windows\System32\Wbem;C:\Windows\System32\WindowsPowerShell\v1.0\;C:\Windows\System32\OpenSSH\;C:\Program Files\Git\cmd;C:\ProgramData\chocolatey\bin;C:\ProgramData\ComposerSetup\bin;C:\Program Files\dotnet\;C:\xampp\php\;C:\Program Files\nodejs\;C:\Users\camil\AppData\Local\Programs\Microsoft VS Code\bin;C:\Users\camil\AppData\Roaming\npm;C:\Program Files\heroku\bin

Yarn version: 
  1.22.10

Node version: 
  16.13.0

Platform: 
  win32 x64

Trace: 
  Error: EPERM: operation not permitted, unlink 'D:\Documentos\Portafolio\node_modules\esbuild-windows-64\esbuild.exe'

npm manifest: 
  {
    "name": "portafolio",
    "version": "0.0.0",
    "scripts": {
      "dev": "vite",
      "build": "vite build",
      "preview": "vite preview"
    },
    "dependencies": {
      "@emotion/react": "^11.7.1",
      "@emotion/styled": "^11.6.0",
      "@mui/icons-material": "^5.2.5",
      "@mui/material": "^5.2.7",
      "mdb-ui-kit": "^3.10.1",
      "react": "^17.0.2",
      "react-dom": "^17.0.2"
    },
    "devDependencies": {
      "@vitejs/plugin-react": "^1.0.7",
      "node-sass": "^7.0.1",
      "sass": "^1.47.0",
      "vite": "^2.7.2"
    }
  }

yarn manifest: 
  No manifest

Lockfile: 
  No lockfile
